<?xml version="1.0" encoding="UTF-8"?>
<!-- Generated by org.testng.reporters.JUnitReportReporter -->
<testsuite skipped="0" hostname="DESKTOP-38O48P3" name="com.qa.salesforce.tests.LoginTest" tests="2" failures="0" timestamp="12 Nov 2019 05:48:21 GMT" time="43.135" errors="0">
  <testcase name="loginTest" time="9.917" classname="com.qa.salesforce.tests.LoginTest"/>
  <testcase name="checkBoxRem" time="33.218" classname="com.qa.salesforce.tests.LoginTest"/>
</testsuite> <!-- com.qa.salesforce.tests.LoginTest -->
