<?xml version="1.0" encoding="UTF-8"?>
<!-- Generated by org.testng.reporters.JUnitReportReporter -->
<testsuite skipped="0" hostname="DESKTOP-38O48P3" name="com.qa.salesforce.tests.TestNgAnnotation" tests="2" failures="0" timestamp="14 Nov 2019 22:12:58 GMT" time="0.012" errors="0">
  <testcase name="Test1" time="0.007" classname="com.qa.salesforce.tests.TestNgAnnotation"/>
  <testcase name="Test2" time="0.005" classname="com.qa.salesforce.tests.TestNgAnnotation"/>
</testsuite> <!-- com.qa.salesforce.tests.TestNgAnnotation -->
