<?xml version="1.0" encoding="UTF-8"?>
<!-- Generated by org.testng.reporters.JUnitReportReporter -->
<testsuite skipped="0" hostname="DESKTOP-38O48P3" name="com.qa.salesforce.tests.DataProviderTest" tests="11" failures="0" timestamp="14 Nov 2019 22:09:47 GMT" time="131.944" errors="0">
  <testcase name="testMethod" time="10.786" classname="com.qa.salesforce.tests.DataProviderTest"/>
  <testcase name="testMethod" time="12.205" classname="com.qa.salesforce.tests.DataProviderTest"/>
  <testcase name="testMethod" time="12.666" classname="com.qa.salesforce.tests.DataProviderTest"/>
  <testcase name="testMethod" time="12.874" classname="com.qa.salesforce.tests.DataProviderTest"/>
  <testcase name="testMethod" time="10.941" classname="com.qa.salesforce.tests.DataProviderTest"/>
  <testcase name="testMethod" time="12.803" classname="com.qa.salesforce.tests.DataProviderTest"/>
  <testcase name="testMethod" time="12.621" classname="com.qa.salesforce.tests.DataProviderTest"/>
  <testcase name="testMethod" time="12.644" classname="com.qa.salesforce.tests.DataProviderTest"/>
  <testcase name="testMethod" time="13.051" classname="com.qa.salesforce.tests.DataProviderTest"/>
  <testcase name="testMethod" time="10.639" classname="com.qa.salesforce.tests.DataProviderTest"/>
  <testcase name="testMethod" time="10.714" classname="com.qa.salesforce.tests.DataProviderTest"/>
</testsuite> <!-- com.qa.salesforce.tests.DataProviderTest -->
